This is pdfTeX, Version 3.141592653-2.6-1.40.24 (MiKTeX 21.12) (preloaded format=pdflatex 2022.3.3)  26 JUN 2022 20:26
entering extended mode
 restricted \write18 enabled.
 %&-line parsing enabled.
**./diplomski.tex
(diplomski.tex
LaTeX2e <2021-11-15> patch level 1
L3 programming layer <2021-11-22> (fer.cls
Document Class: fer 
(C:\Program Files\MiKTeX\tex/latex/base\report.cls
Document Class: report 2021/10/04 v1.4n Standard LaTeX document class
(C:\Program Files\MiKTeX\tex/latex/base\size12.clo
File: size12.clo 2021/10/04 v1.4n Standard LaTeX file (size option)
)
\c@part=\count183
\c@chapter=\count184
\c@section=\count185
\c@subsection=\count186
\c@subsubsection=\count187
\c@paragraph=\count188
\c@subparagraph=\count189
\c@figure=\count190
\c@table=\count191
\abovecaptionskip=\skip47
\belowcaptionskip=\skip48
\bibindent=\dimen138
)
(C:\Program Files\MiKTeX\tex/latex/geometry\geometry.sty
Package: geometry 2020/01/02 v5.9 Page Geometry

(C:\Program Files\MiKTeX\tex/latex/graphics\keyval.sty
Package: keyval 2014/10/28 v1.15 key=value parser (DPC)
\KV@toks@=\toks16
)
(C:\Program Files\MiKTeX\tex/generic/iftex\ifvtex.sty
Package: ifvtex 2019/10/25 v1.7 ifvtex legacy package. Use iftex instead.

(C:\Program Files\MiKTeX\tex/generic/iftex\iftex.sty
Package: iftex 2020/03/06 v1.0d TeX engine tests
))
\Gm@cnth=\count192
\Gm@cntv=\count193
\c@Gm@tempcnt=\count194
\Gm@bindingoffset=\dimen139
\Gm@wd@mp=\dimen140
\Gm@odd@mp=\dimen141
\Gm@even@mp=\dimen142
\Gm@layoutwidth=\dimen143
\Gm@layoutheight=\dimen144
\Gm@layouthoffset=\dimen145
\Gm@layoutvoffset=\dimen146
\Gm@dimlist=\toks17

(C:\Program Files\MiKTeX\tex/latex/geometry\geometry.cfg))
(C:\Program Files\MiKTeX\tex/latex/base\inputenc.sty
Package: inputenc 2021/02/14 v1.3d Input encoding file
\inpenc@prehook=\toks18
\inpenc@posthook=\toks19
)
(C:\Program Files\MiKTeX\tex/generic/babel\babel.sty
Package: babel 2021/11/29 3.67 The Babel package
\babel@savecnt=\count195
\U@D=\dimen147
\l@unhyphenated=\language79

(C:\Program Files\MiKTeX\tex/generic/babel\txtbabel.def)
\bbl@readstream=\read2
\bbl@dirlevel=\count196

*************************************
* Local config file bblopts.cfg used
*
(C:\Program Files\MiKTeX\tex/latex/arabi\bblopts.cfg
File: bblopts.cfg 2005/09/08 v0.1 add Arabic and Farsi to "declared" options of
 babel
)
(C:\Program Files\MiKTeX\tex/latex/croatian\croatian.ldf
Language: croatian 2014/03/31 v1.3m Croatian support from the babel system
))
(C:\Program Files\MiKTeX\tex/latex/base\fontenc.sty
Package: fontenc 2021/04/29 v2.0v Standard LaTeX package
)
(C:\Program Files\MiKTeX\tex/latex/graphics\graphicx.sty
Package: graphicx 2021/09/16 v1.2d Enhanced LaTeX Graphics (DPC,SPQR)

(C:\Program Files\MiKTeX\tex/latex/graphics\graphics.sty
Package: graphics 2021/03/04 v1.4d Standard LaTeX Graphics (DPC,SPQR)

(C:\Program Files\MiKTeX\tex/latex/graphics\trig.sty
Package: trig 2021/08/11 v1.11 sin cos tan (DPC)
)
(C:\Program Files\MiKTeX\tex/latex/graphics-cfg\graphics.cfg
File: graphics.cfg 2016/06/04 v1.11 sample graphics configuration
)
Package graphics Info: Driver file: pdftex.def on input line 107.

(C:\Program Files\MiKTeX\tex/latex/graphics-def\pdftex.def
File: pdftex.def 2020/10/05 v1.2a Graphics/color driver for pdftex
))
\Gin@req@height=\dimen148
\Gin@req@width=\dimen149
)
(C:\Program Files\MiKTeX\tex/latex/amsfonts\amssymb.sty
Package: amssymb 2013/01/14 v3.01 AMS font symbols

(C:\Program Files\MiKTeX\tex/latex/amsfonts\amsfonts.sty
Package: amsfonts 2013/01/14 v3.01 Basic AMSFonts support
\@emptytoks=\toks20
\symAMSa=\mathgroup4
\symAMSb=\mathgroup5
LaTeX Font Info:    Redeclaring math symbol \hbar on input line 98.
LaTeX Font Info:    Overwriting math alphabet `\mathfrak' in version `bold'
(Font)                  U/euf/m/n --> U/euf/b/n on input line 106.
))
(C:\Program Files\MiKTeX\tex/latex/amsmath\amsmath.sty
Package: amsmath 2021/10/15 v2.17l AMS math features
\@mathmargin=\skip49

For additional information on amsmath, use the `?' option.
(C:\Program Files\MiKTeX\tex/latex/amsmath\amstext.sty
Package: amstext 2021/08/26 v2.01 AMS text

(C:\Program Files\MiKTeX\tex/latex/amsmath\amsgen.sty
File: amsgen.sty 1999/11/30 v2.0 generic functions
\@emptytoks=\toks21
\ex@=\dimen150
))
(C:\Program Files\MiKTeX\tex/latex/amsmath\amsbsy.sty
Package: amsbsy 1999/11/29 v1.2d Bold Symbols
\pmbraise@=\dimen151
)
(C:\Program Files\MiKTeX\tex/latex/amsmath\amsopn.sty
Package: amsopn 2021/08/26 v2.02 operator names
)
\inf@bad=\count197
LaTeX Info: Redefining \frac on input line 234.
\uproot@=\count198
\leftroot@=\count199
LaTeX Info: Redefining \overline on input line 399.
\classnum@=\count266
\DOTSCASE@=\count267
LaTeX Info: Redefining \ldots on input line 496.
LaTeX Info: Redefining \dots on input line 499.
LaTeX Info: Redefining \cdots on input line 620.
\Mathstrutbox@=\box50
\strutbox@=\box51
\big@size=\dimen152
LaTeX Font Info:    Redeclaring font encoding OML on input line 743.
LaTeX Font Info:    Redeclaring font encoding OMS on input line 744.
\macc@depth=\count268
\c@MaxMatrixCols=\count269
\dotsspace@=\muskip16
\c@parentequation=\count270
\dspbrk@lvl=\count271
\tag@help=\toks22
\row@=\count272
\column@=\count273
\maxfields@=\count274
\andhelp@=\toks23
\eqnshift@=\dimen153
\alignsep@=\dimen154
\tagshift@=\dimen155
\tagwidth@=\dimen156
\totwidth@=\dimen157
\lineht@=\dimen158
\@envbody=\toks24
\multlinegap=\skip50
\multlinetaggap=\skip51
\mathdisplay@stack=\toks25
LaTeX Info: Redefining \[ on input line 2938.
LaTeX Info: Redefining \] on input line 2939.
)
(C:\Program Files\MiKTeX\tex/latex/base\fixltx2e.sty
Package: fixltx2e 2016/12/29 v2.1a fixes to LaTeX (obsolete)
Applying: [2015/01/01] Old fixltx2e package on input line 46.


Package fixltx2e Warning: fixltx2e is not required with releases after 2015
(fixltx2e)                All fixes are now in the LaTeX kernel.
(fixltx2e)                See the latexrelease package for details.

Already applied: [0000/00/00] Old fixltx2e package on input line 53.
) (C:\Program Files\MiKTeX\tex/latex/caption\caption.sty
Package: caption 2022/02/28 v3.6a Customizing captions (AR)

(C:\Program Files\MiKTeX\tex/latex/caption\caption3.sty
Package: caption3 2022/02/28 v2.3a caption3 kernel (AR)
\caption@tempdima=\dimen159
\captionmargin=\dimen160
\caption@leftmargin=\dimen161
\caption@rightmargin=\dimen162
\caption@width=\dimen163
\caption@indent=\dimen164
\caption@parindent=\dimen165
\caption@hangindent=\dimen166
Package caption Info: Standard document class detected.
)
\c@caption@flags=\count275
\c@continuedfloat=\count276
)
(C:\Program Files\MiKTeX\tex/latex/base\ifthen.sty
Package: ifthen 2020/11/24 v1.1c Standard LaTeX ifthen package (DPC)
)
(C:\Program Files\MiKTeX\tex/latex/url\url.sty
\Urlmuskip=\muskip17
Package: url 2013/09/16  ver 3.4  Verb mode for urls, etc.
)
(C:\Program Files\MiKTeX\tex/latex/enumitem\enumitem.sty
Package: enumitem 2019/06/20 v3.9 Customized lists
\labelindent=\skip52
\enit@outerparindent=\dimen167
\enit@toks=\toks26
\enit@inbox=\box52
\enit@count@id=\count277
\enitdp@description=\count278
)
(C:\Program Files\MiKTeX\tex/latex/tocbibind\tocbibind.sty
Package: tocbibind 2010/10/13 v1.5k extra ToC listings
Package tocbibind Info: The document has chapter divisions on input line 50.


Package tocbibind Note: Using chapter style headings, unless overridden.

) (C:\Program Files\MiKTeX\tex/latex/natbib\natbib.sty
Package: natbib 2010/09/13 8.31b (PWD, AO)
\bibhang=\skip53
\bibsep=\skip54
LaTeX Info: Redefining \cite on input line 694.
\c@NAT@ctr=\count279
)
\listindentation=\dimen168
)
(C:\Program Files\MiKTeX\tex/latex/booktabs\booktabs.sty
Package: booktabs 2020/01/12 v1.61803398 Publication quality tables
\heavyrulewidth=\dimen169
\lightrulewidth=\dimen170
\cmidrulewidth=\dimen171
\belowrulesep=\dimen172
\belowbottomsep=\dimen173
\aboverulesep=\dimen174
\abovetopsep=\dimen175
\cmidrulesep=\dimen176
\cmidrulekern=\dimen177
\defaultaddspace=\dimen178
\@cmidla=\count280
\@cmidlb=\count281
\@aboverulesep=\dimen179
\@belowrulesep=\dimen180
\@thisruleclass=\count282
\@lastruleclass=\count283
\@thisrulewidth=\dimen181
)
(C:\Program Files\MiKTeX\tex/latex/algorithms\algorithm.sty
Package: algorithm 2009/08/24 v0.1 Document Style `algorithm' - floating enviro
nment

(C:\Program Files\MiKTeX\tex/latex/float\float.sty
Package: float 2001/11/08 v1.3d Float enhancements (AL)
\c@float@type=\count284
\float@exts=\toks27
\float@box=\box53
\@float@everytoks=\toks28
\@floatcapt=\box54
)
\@float@every@algorithm=\toks29
\c@algorithm=\count285
)
(C:\Program Files\MiKTeX\tex/latex/algorithms\algorithmic.sty
Package: algorithmic 2009/08/24 v0.1 Document Style `algorithmic'
\c@ALC@unique=\count286
\c@ALC@line=\count287
\c@ALC@rem=\count288
\c@ALC@depth=\count289
\ALC@tlm=\skip55
\algorithmicindent=\skip56
)
(C:\Program Files\MiKTeX\tex/latex/l3backend\l3backend-pdftex.def
File: l3backend-pdftex.def 2021-10-18 L3 backend support: PDF output (pdfTeX)
\l__color_backend_stack_int=\count290
\l__pdf_internal_box=\box55
)
(diplomski.aux)
\openout1 = `diplomski.aux'.

LaTeX Font Info:    Checking defaults for OML/cmm/m/it on input line 9.
LaTeX Font Info:    ... okay on input line 9.
LaTeX Font Info:    Checking defaults for OMS/cmsy/m/n on input line 9.
LaTeX Font Info:    ... okay on input line 9.
LaTeX Font Info:    Checking defaults for OT1/cmr/m/n on input line 9.
LaTeX Font Info:    ... okay on input line 9.
LaTeX Font Info:    Checking defaults for T1/cmr/m/n on input line 9.
LaTeX Font Info:    ... okay on input line 9.
LaTeX Font Info:    Checking defaults for TS1/cmr/m/n on input line 9.
LaTeX Font Info:    ... okay on input line 9.
LaTeX Font Info:    Checking defaults for OMX/cmex/m/n on input line 9.
LaTeX Font Info:    ... okay on input line 9.
LaTeX Font Info:    Checking defaults for U/cmr/m/n on input line 9.
LaTeX Font Info:    ... okay on input line 9.

*geometry* driver: auto-detecting
*geometry* detected driver: pdftex
*geometry* verbose mode - [ preamble ] result:
* driver: pdftex
* paper: a4paper
* layout: <same size as paper>
* layoutoffset:(h,v)=(0.0pt,0.0pt)
* modes: 
* h-part:(L,W,R)=(99.58464pt, 412.56497pt, 85.35826pt)
* v-part:(T,H,B)=(85.35826pt, 674.33032pt, 85.35826pt)
* \paperwidth=597.50787pt
* \paperheight=845.04684pt
* \textwidth=412.56497pt
* \textheight=674.33032pt
* \oddsidemargin=27.31465pt
* \evensidemargin=27.31465pt
* \topmargin=-23.91173pt
* \headheight=12.0pt
* \headsep=25.0pt
* \topskip=12.0pt
* \footskip=30.0pt
* \marginparwidth=44.0pt
* \marginparsep=10.0pt
* \columnsep=10.0pt
* \skip\footins=10.8pt plus 4.0pt minus 2.0pt
* \hoffset=0.0pt
* \voffset=0.0pt
* \mag=1000
* \@twocolumnfalse
* \@twosidefalse
* \@mparswitchfalse
* \@reversemarginfalse
* (1in=72.27pt=25.4mm, 1cm=28.453pt)

(C:\Program Files\MiKTeX\tex/context/base/mkii\supp-pdf.mkii
[Loading MPS to PDF converter (version 2006.09.02).]
\scratchcounter=\count291
\scratchdimen=\dimen182
\scratchbox=\box56
\nofMPsegments=\count292
\nofMParguments=\count293
\everyMPshowfont=\toks30
\MPscratchCnt=\count294
\MPscratchDim=\dimen183
\MPnumerator=\count295
\makeMPintoPDFobject=\count296
\everyMPtoPDFconversion=\toks31
) (C:\Program Files\MiKTeX\tex/latex/epstopdf-pkg\epstopdf-base.sty
Package: epstopdf-base 2020-01-24 v2.11 Base part for package epstopdf
Package epstopdf-base Info: Redefining graphics rule for `.eps' on input line 4
85.

(C:\Program Files\MiKTeX\tex/latex/00miktex\epstopdf-sys.cfg
File: epstopdf-sys.cfg 2021/03/18 v2.0 Configuration of epstopdf for MiKTeX
))
Package caption Info: Begin \AtBeginDocument code.
Package caption Info: float package is loaded.
Package caption Info: End \AtBeginDocument code.
 [3

{C:/Users/Daniel/AppData/Local/MiKTeX/fonts/map/pdftex/pdftex.map}] (diplomski.
toc
LaTeX Font Info:    Trying to load font information for U+msa on input line 4.

(C:\Program Files\MiKTeX\tex/latex/amsfonts\umsa.fd
File: umsa.fd 2013/01/14 v3.01 AMS symbols A
)
LaTeX Font Info:    Trying to load font information for U+msb on input line 4.

(C:\Program Files\MiKTeX\tex/latex/amsfonts\umsb.fd
File: umsb.fd 2013/01/14 v3.01 AMS symbols B
) [4

])
\tf@toc=\write3
\openout3 = `diplomski.toc'.

 [5]
Poglavlje 1.
[1

]
<images/simple-community.png, id=19, 740.7675pt x 407.5225pt>
File: images/simple-community.png Graphic file (type png)
<use images/simple-community.png>
Package pdftex.def Info: images/simple-community.png  used on input line 38.
(pdftex.def)             Requested size: 288.79422pt x 158.87717pt.
 [2 <./images/simple-community.png (PNG copy)>]
Poglavlje 2.
[3

]

Package amsmath Warning: Foreign command \over;
(amsmath)                \frac or \genfrac should be used instead
(amsmath)                 on input line 63.

<images/nepovezani-graf.png, id=28, 331.2375pt x 137.91525pt>
File: images/nepovezani-graf.png Graphic file (type png)
<use images/nepovezani-graf.png>
Package pdftex.def Info: images/nepovezani-graf.png  used on input line 72.
(pdftex.def)             Requested size: 288.79422pt x 120.24834pt.
[4] [5 <./images/nepovezani-graf.png>] [6]
<images/small-world.png, id=47, 663.07726pt x 240.9pt>
File: images/small-world.png Graphic file (type png)
<use images/small-world.png>
Package pdftex.def Info: images/small-world.png  used on input line 96.
(pdftex.def)             Requested size: 412.56497pt x 149.88943pt.
 [7 <./images/small-world.png>]
Overfull \hbox (21.94809pt too wide) in paragraph at lines 117--118
[]\T1/cmr/m/n/12 Koliko mreºa pri-pada small-world mreºi moºe se iz-ra-ziti po-
mo¢u small-koeficijenta,
 []

[8] [9]
Poglavlje 3.
[10

] [11]
<images/dendogram.png, id=66, 290.2845pt x 162.00525pt>
File: images/dendogram.png Graphic file (type png)
<use images/dendogram.png>
Package pdftex.def Info: images/dendogram.png  used on input line 178.
(pdftex.def)             Requested size: 330.05322pt x 184.2009pt.
 [12] [13 <./images/dendogram.png>] [14] [15]

Package amsmath Warning: Foreign command \atopwithdelims;
(amsmath)                \frac or \genfrac should be used instead
(amsmath)                 on input line 234.

[16] [17]
<images/bridge-node.png, id=90, 940.11224pt x 495.0495pt>
File: images/bridge-node.png Graphic file (type png)
<use images/bridge-node.png>
Package pdftex.def Info: images/bridge-node.png  used on input line 288.
(pdftex.def)             Requested size: 288.79422pt x 152.07384pt.
 [18 <./images/bridge-node.png>]
<images/leiden.png, id=95, 433.01775pt x 319.79475pt>
File: images/leiden.png Graphic file (type png)
<use images/leiden.png>
Package pdftex.def Info: images/leiden.png  used on input line 300.
(pdftex.def)             Requested size: 330.05322pt x 243.75896pt.
 [19 <./images/leiden.png>] [20]
[21] [22] [23]
Poglavlje 4.
<images/users.jpg, id=114, 514.92375pt x 271.0125pt>
File: images/users.jpg Graphic file (type jpg)
<use images/users.jpg>
Package pdftex.def Info: images/users.jpg  used on input line 398.
(pdftex.def)             Requested size: 330.05322pt x 173.71619pt.
[24

] [25 <./images/users.jpg>]
<images/C&L.png, id=121, 260.172pt x 184.89075pt>
File: images/C&L.png Graphic file (type png)
<use images/C&L.png>
Package pdftex.def Info: images/C&L.png  used on input line 414.
(pdftex.def)             Requested size: 288.79422pt x 205.24242pt.
 [26 <./images/C&L.png>] [27] [28]
Poglavlje 5.
[29

]
<images/snap-slojevi.png, id=138, 355.92975pt x 140.32425pt>
File: images/snap-slojevi.png Graphic file (type png)
<use images/snap-slojevi.png>
Package pdftex.def Info: images/snap-slojevi.png  used on input line 458.
(pdftex.def)             Requested size: 330.05322pt x 130.12976pt.
LaTeX Font Info:    Trying to load font information for T1+cmtt on input line 4
66.
 (C:\Program Files\MiKTeX\tex/latex/base\t1cmtt.fd
File: t1cmtt.fd 2019/12/16 v2.5j Standard LaTeX font definitions
) [30 <./images/snap-slojevi.png>]
<images/draw-graph.png, id=144, 483.0045pt x 415.5525pt>
File: images/draw-graph.png Graphic file (type png)
<use images/draw-graph.png>
Package pdftex.def Info: images/draw-graph.png  used on input line 498.
(pdftex.def)             Requested size: 330.05322pt x 283.9606pt.
 [31] [32 <./images/draw-graph.png>] [33]
<images/gui-quick.png, id=155, 552.8655pt x 425.1885pt>
File: images/gui-quick.png Graphic file (type png)
<use images/gui-quick.png>
Package pdftex.def Info: images/gui-quick.png  used on input line 545.
(pdftex.def)             Requested size: 412.56497pt x 317.29457pt.
 [34 <./images/gui-quick.png>]
<images/gui-analysis.png, id=161, 552.8655pt x 425.1885pt>
File: images/gui-analysis.png Graphic file (type png)
<use images/gui-analysis.png>
Package pdftex.def Info: images/gui-analysis.png  used on input line 555.
(pdftex.def)             Requested size: 412.56497pt x 317.29457pt.
 [35 <./images/gui-analysis.png>]
<images/gui-generating.png, id=166, 552.8655pt x 425.1885pt>
File: images/gui-generating.png Graphic file (type png)
<use images/gui-generating.png>
Package pdftex.def Info: images/gui-generating.png  used on input line 568.
(pdftex.def)             Requested size: 412.56497pt x 317.29457pt.
 [36 <./images/gui-generating.png>]
Poglavlje 6.
[37

] [38]
Overfull \hbox (25.50168pt too wide) in paragraph at lines 616--618
\T1/cmr/m/n/12 se na-red-bom iz bi-bli-oteke cd-lib: $\OML/cmm/m/it/12 evaluati
on:avg[]embeddedness\OT1/cmr/m/n/12 (\OML/cmm/m/it/12 graph; communities\OT1/cm
r/m/n/12 )$\T1/cmr/m/n/12 . 
 []

[39] [40]
<images/test1.png, id=185, 1110.0672pt x 549.9747pt>
File: images/test1.png Graphic file (type png)
<use images/test1.png>
Package pdftex.def Info: images/test1.png  used on input line 661.
(pdftex.def)             Requested size: 412.56497pt x 204.40218pt.
<images/test2_10.png, id=186, 1110.0672pt x 549.9747pt>
File: images/test2_10.png Graphic file (type png)
<use images/test2_10.png>
Package pdftex.def Info: images/test2_10.png  used on input line 667.
(pdftex.def)             Requested size: 412.56497pt x 204.40218pt.
 [41] [42 <./images/test1.png> <./images/test2_10.png>]
<images/test2_100.png, id=195, 1110.0672pt x 549.9747pt>
File: images/test2_100.png Graphic file (type png)
<use images/test2_100.png>
Package pdftex.def Info: images/test2_100.png  used on input line 678.
(pdftex.def)             Requested size: 412.56497pt x 204.40218pt.
 [43 <./images/test2_100.png>]
<images/test3.png, id=200, 1110.0672pt x 549.9747pt>
File: images/test3.png Graphic file (type png)
<use images/test3.png>
Package pdftex.def Info: images/test3.png  used on input line 692.
(pdftex.def)             Requested size: 412.56497pt x 204.40218pt.
 [44 <./images/test3.png>]
<images/facebook1.png, id=205, 1110.0672pt x 549.9747pt>
File: images/facebook1.png Graphic file (type png)
<use images/facebook1.png>
Package pdftex.def Info: images/facebook1.png  used on input line 703.
(pdftex.def)             Requested size: 412.56497pt x 204.40218pt.
<images/Figure_2_test1_time.png, id=206, 481.8pt x 361.35pt>
File: images/Figure_2_test1_time.png Graphic file (type png)
<use images/Figure_2_test1_time.png>
Package pdftex.def Info: images/Figure_2_test1_time.png  used on input line 714
.
(pdftex.def)             Requested size: 123.77074pt x 92.82397pt.
<images/Figure_2_test2_time.png, id=207, 480.29437pt x 358.33875pt>
File: images/Figure_2_test2_time.png Graphic file (type png)
<use images/Figure_2_test2_time.png>
Package pdftex.def Info: images/Figure_2_test2_time.png  used on input line 715
.
(pdftex.def)             Requested size: 123.77074pt x 92.34024pt.
<images/Figure_2_test3_time.png, id=208, 462.528pt x 346.896pt>
File: images/Figure_2_test3_time.png Graphic file (type png)
<use images/Figure_2_test3_time.png>
Package pdftex.def Info: images/Figure_2_test3_time.png  used on input line 716
.
(pdftex.def)             Requested size: 123.77074pt x 92.82684pt.
 [45 <./images/facebook1.png> <./images/Figure_2_test1_time.png> <./images/Figu
re_2_test2_time.png> <./images/Figure_2_test3_time.png>] [46]
Poglavlje 7.
[47

] (diplomski.bbl [48]
Underfull \hbox (badness 10000) in paragraph at lines 9--13
\T1/cmr/m/n/12 2021.  $\T1/cmtt/m/n/12 https : / / www\OML/cmm/m/it/12 :\T1/cmt
t/m/n/12 researchgate\OML/cmm/m/it/12 :\T1/cmtt/m/n/12 net / figure / Number -[
] of -[] social -[]
 []


Underfull \hbox (badness 10000) in paragraph at lines 9--13
\T1/cmtt/m/n/12 network -[] users -[] worldwide -[] from -[] 2010 -[] to -[] 20
21 -[] in -[] billions -[]
 []

[49

] [50]) [51]

! LaTeX Error: No \title given.

See the LaTeX manual or LaTeX Companion for explanation.
Type  H <return>  for immediate help.
 ...                                              
                                                  
l.742 \begin{sazetak}
                     
Try typing  <return>  to proceed.
If that doesn't work, type  X <return>  to quit.

[52] (diplomski.aux) ) 
Here is how much of TeX's memory you used:
 7294 strings out of 478659
 118917 string characters out of 2855775
 433647 words of memory out of 3000000
 25272 multiletter control sequences out of 15000+600000
 421942 words of font info for 69 fonts, out of 8000000 for 9000
 1141 hyphenation exceptions out of 8191
 70i,8n,77p,2346b,876s stack positions out of 5000i,500n,10000p,200000b,80000s
 <C:\Users\Daniel\AppData\Local\MiKTeX\fonts/pk/ljfour/jk
nappen/ec/dpi600\ecbx1440.pk> <C:\Users\Daniel\AppData\Local\MiKTeX\fonts/pk/lj
four/jknappen/ec/dpi600\ectt1200.pk> <C:\Users\Daniel\AppData\Local\MiKTeX\font
s/pk/ljfour/jknappen/ec/dpi600\ecrm1000.pk> <C:\Users\Daniel\AppData\Local\MiKT
eX\fonts/pk/ljfour/jknappen/ec/dpi600\ecbx1728.pk> <C:\Users\Daniel\AppData\Loc
al\MiKTeX\fonts/pk/ljfour/jknappen/ec/dpi600\ecrm1095.pk> <C:\Users\Daniel\AppD
ata\Local\MiKTeX\fonts/pk/ljfour/jknappen/ec/dpi600\ecbx1095.pk> <C:\Users\Dani
el\AppData\Local\MiKTeX\fonts/pk/ljfour/jknappen/ec/dpi600\ecbx2488.pk> <C:\Use
rs\Daniel\AppData\Local\MiKTeX\fonts/pk/ljfour/jknappen/ec/dpi600\ecbx1200.pk> 
<C:\Users\Daniel\AppData\Local\MiKTeX\fonts/pk/ljfour/jknappen/ec/dpi600\eccc24
88.pk> <C:\Users\Daniel\AppData\Local\MiKTeX\fonts/pk/ljfour/jknappen/ec/dpi600
\ecrm1200.pk> <C:\Users\Daniel\AppData\Local\MiKTeX\fonts/pk/ljfour/jknappen/ec
/dpi600\ecti1200.pk><C:/Program Files/MiKTeX/fonts/type1/public/amsfonts/cm/cme
x10.pfb><C:/Program Files/MiKTeX/fonts/type1/public/amsfonts/cm/cmmi10.pfb><C:/
Program Files/MiKTeX/fonts/type1/public/amsfonts/cm/cmmi12.pfb><C:/Program File
s/MiKTeX/fonts/type1/public/amsfonts/cm/cmmi6.pfb><C:/Program Files/MiKTeX/font
s/type1/public/amsfonts/cm/cmmi8.pfb><C:/Program Files/MiKTeX/fonts/type1/publi
c/amsfonts/cm/cmr10.pfb><C:/Program Files/MiKTeX/fonts/type1/public/amsfonts/cm
/cmr12.pfb><C:/Program Files/MiKTeX/fonts/type1/public/amsfonts/cm/cmr6.pfb><C:
/Program Files/MiKTeX/fonts/type1/public/amsfonts/cm/cmr8.pfb><C:/Program Files
/MiKTeX/fonts/type1/public/amsfonts/cm/cmsy10.pfb><C:/Program Files/MiKTeX/font
s/type1/public/amsfonts/cm/cmsy8.pfb>
Output written on diplomski.pdf (55 pages, 2265886 bytes).
PDF statistics:
 790 PDF objects out of 1000 (max. 8388607)
 0 named destinations out of 1000 (max. 500000)
 106 words of extra memory for PDF output out of 10000 (max. 10000000)

